



###  n = 500  ###  k = 3  ### root = 347  ###  target = 478  ###
Breadth First Search: 0.43918871879577637s
[347, 310, 187, 488, 59, 436, 281, 23, 466, 262, 155, 188, 289, 15, 93, 79, 333, 478]

Depth First Search: 0.0009980201721191406s
[347, 467, 390, 488, 187, 310, 432, 440, 411, 60, 435, 336, 254, 314, 96, 226, 394, 303, 47, 228, 217, 328, 143, 22, 373, 157, 152, 464, 499, 426, 423, 294, 384, 212, 498, 490, 111, 231, 376, 335, 439, 227, 268, 410, 168, 396, 417, 259, 324, 58, 121, 354, 366, 457, 290, 225, 402, 413, 372, 431, 292, 408, 234, 42, 353, 416, 315, 300, 136, 272, 412, 386, 140, 308, 495, 441, 218, 472, 338, 150, 233, 475, 127, 331, 399, 277, 318, 267, 182, 16, 146, 378, 463, 46, 459, 398, 261, 317, 374, 344, 458, 450, 434, 484, 460, 478]

Best First Search: 0.006392002105712891s
[347, 153, 392, 105, 432, 411, 60, 435, 336, 229, 250, 280, 376, 295, 439, 227, 268, 168, 324, 58, 121, 354, 366, 457, 225, 402, 413, 361, 61, 431, 292, 408, 126, 234, 42, 353, 416, 300, 315, 134, 220, 148, 312, 240, 7, 278, 252, 0, 443, 36, 119, 117, 63, 86, 464, 152, 157, 373, 129, 114, 277, 399, 331, 70, 475, 127, 147, 430, 14, 51, 189, 405, 175, 383, 400, 342, 124, 6, 247, 219, 311, 142, 9, 468, 37, 263, 158, 251, 269, 45, 159, 404, 461, 210, 474, 379, 116, 445, 192, 476, 424, 101, 24, 496, 255, 18, 319, 68, 77, 123, 438, 69, 313, 275, 72, 429, 113, 194, 363, 273, 54, 320, 74, 389, 62, 141, 197, 367, 232, 356, 103, 387, 160, 19, 201, 497, 164, 355, 491, 83, 418, 427, 350, 462, 453, 179, 349, 414, 211, 407, 67, 89, 135, 167, 451, 343, 359, 346, 489, 327, 20, 428, 25, 76, 395, 41, 174, 293, 205, 224, 477, 339, 165, 409, 84, 130, 156, 345, 57, 222, 483, 246, 235, 181, 207, 473, 200, 15, 93, 79, 185, 368, 8, 478]

A Search: 0.005749225616455078s
[347, 467, 390, 488, 59, 436, 236, 73, 487, 348, 281, 23, 466, 262, 155, 188, 289, 15, 93, 368, 333, 478]

A Star Search: 0.0068340301513671875s
[347, 467, 390, 488, 59, 436, 236, 73, 487, 348, 281, 23, 466, 262, 155, 188, 289, 15, 93, 79, 333, 478]





###  n = 500  ###  k = 5  ### root = 347  ###  target = 478  ###
Breadth First Search: 2.076249837875366s
[347, 208, 300, 346, 280, 170, 468, 135, 213, 126, 138, 345, 6, 478]

Depth First Search: 0.0032567977905273438s
[347, 451, 379, 300, 346, 474, 394, 410, 479, 291, 415, 350, 407, 285, 223, 152, 257, 357, 492, 213, 227, 468, 473, 312, 319, 280, 85, 401, 417, 360, 343, 243, 460, 453, 295, 247, 197, 97, 378, 348, 310, 211, 487, 397, 434, 281, 370, 252, 231, 205, 54, 215, 313, 115, 309, 435, 302, 292, 179, 90, 469, 497, 381, 449, 475, 472, 254, 102, 29, 20, 368, 259, 148, 315, 143, 424, 458, 436, 395, 371, 262, 283, 240, 233, 0, 25, 229, 363, 419, 429, 420, 305, 384, 270, 418, 21, 400, 444, 414, 439, 485, 403, 376, 465, 391, 491, 425, 364, 332, 224, 296, 331, 284, 366, 463, 413, 411, 182, 72, 155, 490, 118, 494, 476, 282, 276, 452, 361, 326, 202, 409, 188, 358, 324, 393, 147, 440, 431, 352, 317, 355, 299, 208, 235, 219, 99, 342, 408, 183, 261, 372, 374, 163, 162, 161, 123, 107, 52, 301, 279, 201, 464, 337, 404, 457, 260, 194, 204, 454, 181, 84, 86, 122, 470, 385, 344, 396, 477, 246, 245, 289, 263, 304, 462, 380, 499, 345, 311, 367, 478]

Best First Search: 0.011754035949707031s
[347, 176, 97, 3, 49, 231, 370, 145, 252, 205, 397, 434, 124, 313, 115, 13, 302, 102, 254, 475, 472, 29, 20, 449, 458, 233, 240, 185, 222, 365, 433, 34, 421, 399, 200, 445, 359, 388, 278, 264, 166, 351, 228, 137, 31, 405, 69, 66, 214, 303, 287, 27, 63, 244, 159, 65, 157, 218, 153, 127, 21, 418, 270, 48, 51, 39, 363, 229, 283, 0, 436, 424, 395, 371, 262, 25, 182, 72, 411, 55, 53, 315, 497, 381, 368, 259, 28, 309, 292, 435, 12, 487, 215, 54, 281, 156, 112, 269, 378, 310, 56, 110, 187, 352, 431, 306, 440, 317, 147, 393, 103, 469, 90, 93, 19, 490, 118, 494, 242, 98, 476, 282, 46, 226, 238, 220, 463, 413, 83, 47, 366, 168, 91, 74, 439, 414, 444, 294, 400, 234, 387, 398, 496, 225, 221, 340, 362, 383, 461, 210, 5, 139, 45, 416, 120, 481, 437, 146, 430, 42, 392, 314, 339, 298, 354, 150, 198, 341, 403, 485, 376, 267, 465, 391, 491, 332, 224, 296, 331, 109, 136, 191, 24, 133, 326, 276, 452, 358, 318, 141, 300, 208, 355, 299, 379, 451, 241, 316, 324, 36, 188, 361, 82, 202, 394, 474, 346, 401, 417, 95, 408, 30, 295, 113, 197, 453, 247, 460, 4, 243, 343, 235, 219, 99, 342, 183, 33, 261, 236, 40, 335, 275, 320, 64, 142, 325, 172, 321, 249, 271, 237, 16, 117, 173, 206, 15, 448, 293, 308, 194, 181, 204, 454, 84, 86, 76, 151, 260, 101, 337, 464, 286, 104, 279, 73, 52, 107, 85, 280, 319, 180, 41, 67, 301, 186, 201, 447, 336, 26, 312, 170, 468, 135, 409, 410, 291, 132, 479, 7, 253, 415, 160, 350, 407, 134, 285, 223, 149, 152, 213, 227, 338, 23, 473, 57, 192, 492, 177, 357, 100, 126, 257, 10, 50, 38, 77, 167, 364, 425, 297, 256, 116, 268, 386, 184, 125, 482, 373, 442, 1, 369, 488, 480, 406, 484, 251, 327, 158, 353, 322, 446, 96, 144, 58, 80, 456, 377, 32, 356, 277, 489, 426, 423, 44, 255, 467, 382, 375, 35, 88, 265, 8, 329, 106, 68, 427, 443, 248, 389, 94, 250, 164, 402, 196, 140, 108, 466, 193, 493, 119, 61, 330, 212, 450, 71, 428, 273, 290, 422, 328, 130, 22, 441, 216, 478]

A Search: 0.0009226799011230469s
[347, 451, 300, 346, 280, 170, 473, 57, 192, 492, 126, 257, 138, 345, 6, 478]

A Star Search: 0.0004978179931640625s
[347, 451, 300, 346, 280, 170, 473, 57, 192, 492, 100, 138, 345, 6, 478]





###  n = 500  ###  k = 7  ### root = 347  ###  target = 478  ###
Breadth First Search: 0.00023555755615234375s
[347, 38, 334, 202, 478]

Depth First Search: 1.6450881958007812e-05s
[347, 491, 485, 458, 379, 478]

Best First Search: 0.015996456146240234s
[347, 378, 343, 457, 249, 66, 323, 279, 446, 419, 278, 117, 473, 272, 287, 173, 9, 32, 497, 283, 152, 128, 174, 83, 31, 6, 203, 113, 239, 424, 437, 263, 243, 481, 58, 495, 2, 70, 135, 101, 238, 3, 225, 303, 157, 27, 156, 315, 332, 244, 53, 165, 107, 261, 340, 262, 360, 130, 1, 23, 196, 241, 255, 141, 425, 208, 474, 100, 145, 164, 471, 37, 257, 41, 335, 256, 443, 297, 111, 95, 142, 266, 192, 267, 96, 84, 464, 110, 448, 43, 188, 144, 204, 184, 90, 404, 73, 127, 67, 355, 306, 307, 460, 17, 400, 224, 63, 482, 21, 403, 230, 431, 177, 462, 271, 19, 103, 218, 280, 80, 219, 468, 318, 258, 453, 49, 197, 322, 312, 170, 18, 102, 99, 331, 442, 356, 382, 189, 330, 160, 186, 185, 392, 445, 143, 357, 252, 86, 260, 475, 139, 326, 383, 13, 384, 148, 151, 94, 389, 126, 215, 198, 377, 132, 106, 274, 288, 89, 304, 413, 320, 28, 408, 51, 124, 199, 7, 136, 365, 402, 61, 68, 171, 180, 125, 434, 120, 380, 451, 418, 441, 470, 492, 50, 233, 29, 4, 415, 294, 490, 168, 97, 337, 273, 8, 162, 269, 226, 217, 370, 328, 371, 407, 406, 123, 449, 137, 420, 386, 477, 248, 486, 455, 368, 373, 421, 417, 291, 422, 212, 47, 489, 11, 463, 5, 374, 92, 45, 319, 65, 253, 436, 69, 34, 469, 154, 235, 316, 444, 327, 391, 229, 85, 300, 338, 75, 228, 210, 60, 36, 39, 459, 200, 268, 385, 358, 146, 494, 14, 430, 439, 161, 74, 147, 178, 465, 353, 16, 206, 289, 309, 367, 390, 150, 295, 222, 396, 119, 350, 493, 296, 433, 88, 247, 461, 195, 176, 351, 308, 286, 498, 236, 416, 487, 15, 48, 341, 0, 321, 131, 414, 313, 231, 259, 310, 93, 42, 158, 140, 409, 480, 182, 426, 167, 122, 376, 333, 361, 499, 277, 240, 401, 214, 129, 22, 87, 299, 412, 454, 190, 484, 207, 175, 276, 30, 187, 24, 410, 134, 359, 447, 364, 209, 388, 423, 223, 166, 232, 293, 201, 44, 114, 399, 35, 369, 155, 314, 81, 398, 205, 302, 26, 211, 346, 348, 191, 71, 456, 115, 281, 52, 112, 78, 169, 496, 25, 56, 395, 405, 472, 12, 301, 133, 105, 336, 10, 393, 98, 292, 479, 290, 483, 33, 181, 324, 234, 216, 429, 325, 452, 79, 435, 250, 491, 411, 362, 172, 458, 485, 77, 202, 478]

A Search: 0.00033736228942871094s
[347, 250, 354, 334, 202, 478]

A Star Search: 0.00010275840759277344s
[347, 250, 354, 334, 202, 478]

