



###  n = 500  ###  k = 3  ### root = 62  ###  target = 282  ###
Breadth First Search: 0.000347137451171875s
[62, 267, 465, 65, 370, 379, 152, 230, 282]

Depth First Search: 0.0007593631744384766s
[62, 391, 312, 275, 259, 266, 129, 255, 153, 479, 341, 397, 369, 249, 320, 311, 55, 467, 280, 402, 484, 100, 372, 367, 209, 44, 409, 396, 243, 375, 237, 278, 236, 0, 485, 124, 448, 456, 223, 404, 251, 452, 289, 49, 303, 75, 235, 473, 309, 150, 377, 406, 274, 407, 487, 439, 418, 276, 173, 430, 220, 178, 400, 254, 499, 463, 393, 164, 212, 229, 494, 465, 246, 370, 496, 379, 469, 152, 230, 282]

Best First Search: 0.0032758712768554688s
[62, 391, 275, 312, 267, 465, 494, 229, 257, 120, 59, 130, 428, 250, 159, 14, 235, 75, 303, 49, 289, 452, 251, 486, 132, 206, 52, 108, 177, 197, 448, 124, 7, 485, 0, 236, 287, 6, 121, 278, 237, 47, 134, 26, 331, 498, 365, 414, 368, 386, 219, 243, 409, 44, 135, 242, 286, 55, 311, 397, 369, 207, 479, 153, 255, 45, 424, 443, 166, 384, 413, 1, 195, 201, 168, 110, 390, 493, 70, 113, 454, 323, 34, 450, 338, 359, 421, 37, 187, 15, 144, 102, 238, 190, 335, 440, 169, 38, 142, 196, 163, 247, 268, 308, 382, 318, 380, 46, 77, 115, 175, 148, 415, 194, 225, 128, 366, 222, 349, 468, 306, 453, 24, 314, 416, 253, 480, 8, 69, 64, 73, 394, 221, 63, 158, 262, 161, 427, 136, 419, 87, 458, 184, 28, 305, 143, 126, 383, 137, 32, 423, 301, 317, 117, 84, 106, 433, 445, 93, 104, 30, 50, 66, 170, 12, 127, 430, 178, 400, 254, 13, 179, 29, 146, 281, 483, 22, 488, 41, 492, 475, 180, 282]

A Search: 0.0002644062042236328s
[62, 312, 267, 465, 65, 370, 379, 152, 230, 282]

A Star Search: 0.000186920166015625s
[62, 267, 465, 246, 65, 370, 379, 469, 152, 230, 282]





###  n = 500  ###  k = 5  ### root = 62  ###  target = 282  ###
Breadth First Search: 7.862064599990845s
[62, 379, 350, 108, 48, 478, 340, 296, 5, 177, 149, 224, 80, 282]

Depth First Search: 0.0007977485656738281s
[62, 468, 379, 350, 376, 284, 214, 166, 164, 203, 409, 323, 381, 446, 390, 354, 306, 236, 235, 92, 492, 477, 415, 377, 317, 466, 134, 172, 290, 383, 345, 131, 428, 427, 262, 191, 465, 93, 112, 245, 206, 232, 163, 341, 498, 458, 493, 140, 113, 378, 277, 37, 487, 264, 249, 484, 332, 469, 365, 497, 496, 344, 411, 491, 329, 393, 435, 433, 404, 342, 309, 248, 426, 388, 228, 312, 53, 217, 243, 107, 118, 333, 316, 489, 432, 367, 462, 410, 472, 347, 260, 174, 356, 499, 322, 352, 328, 421, 430, 207, 307, 291, 400, 250, 192, 373, 370, 211, 479, 385, 279, 442, 282]

Best First Search: 0.0005545616149902344s
[62, 17, 319, 409, 203, 59, 178, 152, 114, 212, 369, 269, 381, 323, 124, 92, 477, 415, 492, 20, 290, 172, 134, 466, 429, 317, 425, 3, 379, 350, 164, 48, 214, 64, 284, 376, 2, 277, 21, 487, 37, 264, 221, 31, 177, 311, 337, 339, 29, 460, 91, 38, 295, 208, 5, 242, 336, 302, 194, 451, 371, 272, 294, 459, 416, 256, 25, 187, 334, 351, 196, 65, 159, 1, 452, 330, 282]

A Search: 0.0012135505676269531s
[62, 468, 166, 284, 48, 478, 340, 449, 5, 242, 302, 336, 101, 159, 437, 100, 1, 452, 241, 330, 282]

A Star Search: 0.0010204315185546875s
[62, 468, 166, 214, 284, 48, 478, 394, 83, 208, 5, 177, 149, 450, 224, 80, 282]





###  n = 500  ###  k = 7  ### root = 62  ###  target = 282  ###
Breadth First Search: 99.35932350158691s
[62, 40, 181, 440, 332, 203, 212, 19, 65, 151, 213, 119, 282]

Depth First Search: 0.0009045600891113281s
[62, 396, 329, 281, 216, 365, 297, 450, 485, 440, 468, 374, 237, 272, 357, 393, 443, 351, 346, 240, 238, 367, 255, 407, 453, 201, 307, 492, 464, 262, 243, 221, 415, 410, 414, 360, 370, 276, 412, 394, 371, 421, 418, 399, 369, 348, 423, 458, 385, 424, 330, 431, 401, 368, 382, 408, 427, 400, 317, 469, 356, 306, 454, 327, 467, 386, 449, 493, 489, 473, 420, 341, 217, 56, 439, 494, 481, 404, 345, 308, 375, 379, 320, 159, 108, 104, 157, 397, 451, 342, 319, 122, 311, 448, 483, 273, 305, 174, 58, 48, 42, 32, 274, 338, 333, 266, 258, 143, 209, 85, 52, 277, 290, 195, 447, 282]

Best First Search: 0.004085540771484375s
[62, 40, 181, 168, 164, 396, 190, 444, 321, 99, 184, 115, 193, 283, 111, 82, 429, 252, 45, 484, 75, 97, 366, 214, 491, 88, 410, 176, 307, 201, 243, 221, 84, 79, 421, 348, 423, 108, 481, 174, 58, 375, 308, 345, 439, 209, 85, 143, 274, 32, 42, 48, 273, 483, 247, 83, 454, 306, 33, 187, 38, 390, 175, 387, 382, 183, 78, 157, 104, 122, 319, 89, 379, 110, 155, 418, 41, 369, 399, 158, 61, 235, 415, 394, 276, 412, 325, 401, 106, 424, 385, 330, 31, 344, 368, 55, 71, 242, 102, 356, 469, 151, 455, 425, 105, 327, 192, 180, 52, 386, 145, 277, 449, 493, 39, 473, 420, 341, 24, 290, 195, 447, 282]

A Search: 0.0036406517028808594s
[62, 259, 321, 21, 238, 393, 443, 146, 199, 117, 37, 103, 427, 400, 317, 151, 455, 452, 282]

A Star Search: 0.0009624958038330078s
[62, 40, 181, 485, 77, 70, 80, 95, 120, 167, 427, 400, 317, 151, 455, 452, 282]

