



###  n = 500  ###  k = 3  ### root = 303  ###  target = 441  ###
Breadth First Search: 24.152371883392334s
[303, 103, 2, 407, 161, 160, 20, 354, 384, 254, 211, 158, 393, 225, 433, 222, 223, 216, 405, 480, 217, 63, 293, 483, 26, 86, 380, 442, 229, 24, 481, 277, 166, 235, 441]

Depth First Search: 0.012094259262084961s
[303, 331, 390, 385, 153, 221, 83, 78, 198, 145, 103, 181, 317, 311, 161, 479, 249, 378, 469, 354, 384, 254, 437, 211, 158, 393, 292, 433, 222, 271, 223, 453, 351, 405, 480, 291, 217, 330, 497, 22, 293, 483, 151, 439, 6, 125, 26, 86, 380, 442, 415, 229, 197, 154, 24, 481, 277, 172, 90, 458, 166, 235, 441]

Best First Search: 145.36229491233826s
[303, 103, 2, 407, 161, 160, 469, 354, 384, 254, 211, 158, 393, 292, 433, 222, 223, 216, 405, 480, 217, 63, 293, 483, 26, 86, 380, 442, 229, 24, 481, 277, 166, 235, 441]

A Search: 0.012374401092529297s
[303, 103, 181, 311, 161, 249, 160, 378, 469, 354, 384, 254, 211, 158, 393, 225, 292, 433, 222, 223, 216, 67, 243, 212, 499, 391, 92, 32, 325, 452, 451, 369, 380, 442, 229, 24, 481, 277, 90, 166, 235, 441]

A Star Search: 0.007503986358642578s
[303, 103, 181, 311, 161, 249, 160, 378, 469, 354, 384, 254, 437, 211, 158, 393, 225, 292, 433, 222, 223, 216, 405, 480, 291, 217, 63, 293, 483, 125, 6, 26, 86, 380, 442, 229, 24, 481, 172, 277, 166, 235, 441]





###  n = 500  ###  k = 5  ### root = 303  ###  target = 441  ###
Breadth First Search: 2.573179006576538s
[303, 237, 221, 370, 268, 309, 131, 25, 394, 368, 452, 438, 441]

Depth First Search: 0.004824399948120117s
[303, 287, 381, 372, 325, 247, 211, 482, 336, 369, 362, 370, 308, 221, 107, 323, 314, 456, 449, 292, 266, 109, 177, 136, 59, 451, 470, 294, 125, 453, 486, 484, 442, 143, 496, 406, 322, 401, 334, 463, 339, 469, 418, 499, 350, 429, 351, 289, 190, 156, 188, 184, 35, 242, 335, 296, 493, 376, 365, 398, 421, 356, 384, 420, 413, 272, 239, 236, 168, 227, 467, 387, 328, 269, 219, 306, 478, 332, 436, 492, 440, 248, 319, 428, 315, 195, 407, 345, 290, 238, 117, 139, 85, 81, 165, 458, 468, 317, 494, 246, 305, 383, 396, 210, 206, 112, 360, 97, 49, 31, 83, 200, 309, 276, 267, 312, 327, 218, 129, 348, 189, 462, 392, 228, 147, 265, 217, 209, 316, 498, 349, 446, 434, 243, 377, 82, 142, 261, 431, 337, 179, 70, 310, 346, 176, 130, 329, 359, 111, 128, 36, 101, 481, 48, 91, 455, 490, 416, 293, 108, 297, 141, 427, 163, 409, 393, 320, 254, 232, 479, 444, 385, 185, 357, 488, 330, 263, 161, 0, 307, 300, 491, 259, 202, 430, 411, 487, 485, 390, 423, 425, 452, 438, 441]

Best First Search: 0.40863704681396484s
[303, 237, 221, 370, 268, 309, 131, 25, 394, 368, 452, 438, 441]

A Search: 0.0006184577941894531s
[303, 237, 215, 482, 336, 164, 200, 463, 83, 100, 157, 394, 368, 452, 438, 441]

A Star Search: 0.0008404254913330078s
[303, 257, 237, 93, 215, 321, 482, 336, 164, 200, 334, 25, 394, 368, 452, 373, 255, 441]





###  n = 500  ###  k = 7  ### root = 303  ###  target = 441  ###
Breadth First Search: 5.719065427780151s
[303, 277, 397, 182, 288, 426, 364, 294, 255, 145, 441]

Depth First Search: 0.0002772808074951172s
[303, 370, 408, 431, 423, 353, 321, 231, 288, 426, 468, 382, 442, 432, 449, 404, 293, 232, 279, 81, 219, 331, 409, 425, 437, 346, 484, 421, 201, 298, 448, 393, 387, 401, 247, 362, 294, 364, 282, 245, 255, 236, 176, 214, 289, 496, 486, 473, 410, 371, 451, 394, 494, 441]

Best First Search: 1.8616693019866943s
[303, 277, 397, 182, 288, 426, 364, 294, 255, 145, 441]

A Search: 0.0008091926574707031s
[303, 277, 192, 130, 182, 288, 426, 364, 294, 214, 25, 275, 8, 94, 441]

A Star Search: 0.0007710456848144531s
[303, 51, 53, 130, 182, 288, 49, 58, 364, 198, 30, 176, 255, 145, 441]

