



###  n = 500  ###  k = 3  ### root = 306  ###  target = 65  ###
Breadth First Search: 0.006502866744995117s
[306, 41, 304, 165, 70, 338, 28, 321, 212, 433, 230, 303, 65]

Depth First Search: 0.007403135299682617s
[306, 369, 304, 496, 104, 375, 355, 278, 331, 487, 471, 175, 108, 136, 479, 332, 36, 441, 346, 451, 155, 292, 419, 342, 476, 408, 494, 268, 238, 150, 245, 90, 455, 484, 234, 177, 197, 263, 384, 219, 470, 443, 44, 21, 211, 395, 404, 373, 309, 166, 73, 54, 318, 184, 259, 469, 424, 463, 444, 486, 133, 130, 327, 434, 241, 409, 417, 250, 121, 19, 460, 497, 325, 274, 202, 305, 489, 412, 378, 192, 187, 334, 106, 65]

Best First Search: 0.005129575729370117s
[306, 350, 284, 280, 357, 57, 376, 202, 305, 489, 334, 106, 65]

A Search: 0.0008466243743896484s
[306, 41, 304, 165, 70, 338, 139, 321, 212, 147, 433, 230, 303, 65]

A Star Search: 0.0008261203765869141s
[306, 369, 41, 304, 220, 165, 70, 338, 341, 28, 139, 321, 212, 147, 433, 230, 303, 65]





###  n = 500  ###  k = 5  ### root = 306  ###  target = 65  ###
Breadth First Search: 44.27854514122009s
[306, 2, 91, 201, 310, 498, 239, 281, 382, 16, 22, 416, 130, 307, 309, 375, 398, 65]

Depth First Search: 0.013741493225097656s
[306, 370, 351, 295, 347, 471, 438, 372, 363, 348, 211, 276, 344, 494, 275, 267, 265, 204, 202, 162, 24, 282, 411, 225, 421, 404, 209, 310, 498, 427, 365, 239, 281, 382, 317, 460, 437, 264, 241, 426, 434, 389, 406, 476, 416, 399, 152, 280, 331, 443, 487, 436, 393, 424, 283, 159, 166, 367, 314, 157, 14, 66, 294, 392, 468, 417, 179, 51, 384, 472, 474, 495, 330, 418, 254, 193, 218, 373, 350, 308, 481, 318, 455, 234, 368, 137, 492, 464, 63, 338, 278, 153, 473, 431, 305, 236, 88, 298, 59, 55, 64, 145, 103, 360, 454, 252, 456, 491, 388, 380, 313, 452, 262, 223, 149, 93, 80, 47, 18, 423, 457, 420, 337, 273, 174, 170, 376, 425, 299, 277, 131, 69, 274, 489, 486, 450, 466, 458, 197, 396, 499, 349, 334, 249, 213, 72, 208, 352, 296, 467, 433, 345, 336, 479, 435, 190, 288, 402, 303, 485, 482, 270, 357, 319, 335, 390, 284, 219, 224, 415, 302, 245, 195, 127, 84, 469, 356, 322, 309, 375, 453, 379, 381, 268, 287, 428, 343, 383, 259, 146, 442, 412, 405, 432, 340, 60, 300, 354, 320, 27, 38, 329, 325, 180, 125, 378, 192, 480, 98, 493, 391, 339, 76, 444, 395, 346, 316, 447, 400, 478, 355, 230, 323, 199, 181, 15, 89, 85, 7, 82, 228, 203, 78, 290, 490, 156, 155, 451, 65]

Best First Search: 38.64062809944153s
[306, 2, 461, 105, 409, 498, 427, 281, 382, 16, 399, 476, 304, 231, 322, 356, 134, 65]

A Search: 0.0024340152740478516s
[306, 370, 91, 201, 470, 172, 327, 182, 235, 116, 314, 157, 166, 367, 304, 231, 469, 356, 134, 65]

A Star Search: 0.0018618106842041016s
[306, 370, 91, 201, 105, 409, 220, 53, 188, 147, 235, 331, 280, 113, 367, 304, 307, 309, 322, 356, 134, 65]





###  n = 500  ###  k = 7  ### root = 306  ###  target = 65  ###
Breadth First Search: 1.33514404296875e-05s
[306, 65]

Depth First Search: 8.344650268554688e-06s
[306, 65]

Best First Search: 2.86102294921875e-06s
[306, 65]

A Search: 1.2636184692382812e-05s
[306, 65]

A Star Search: 4.410743713378906e-05s
[306, 65]

