



###  n = 500  ###  k = 3  ### root = 300  ###  target = 407  ###
Breadth First Search: 0.6773054599761963s
[300, 405, 226, 44, 377, 423, 27, 317, 127, 88, 281, 106, 45, 404, 59, 70, 361, 93, 229, 373, 411, 472, 407]

Depth First Search: 0.6767699718475342s
[300, 405, 226, 44, 377, 423, 27, 317, 127, 88, 281, 106, 45, 404, 59, 70, 361, 93, 229, 373, 411, 472, 407]

Best First Search: 0.007268190383911133s
[300, 495, 405, 255, 226, 85, 44, 377, 423, 286, 265, 153, 27, 284, 317, 127, 88, 249, 124, 293, 149, 491, 217, 201, 319, 130, 337, 275, 108, 227, 283, 231, 123, 99, 378, 228, 398, 257, 335, 59, 70, 499, 314, 42, 268, 90, 229, 93, 196, 482, 373, 441, 193, 439, 318, 417, 448, 488, 386, 216, 211, 476, 295, 490, 115, 163, 324, 477, 140, 434, 479, 347, 416, 142, 351, 46, 0, 359, 315, 82, 120, 109, 374, 234, 116, 213, 435, 34, 101, 287, 151, 246, 150, 486, 183, 172, 352, 7, 158, 325, 96, 71, 54, 131, 168, 453, 141, 328, 387, 24, 450, 66, 194, 53, 175, 395, 455, 147, 294, 458, 267, 242, 33, 348, 225, 113, 218, 155, 132, 296, 444, 311, 91, 240, 236, 473, 470, 480, 247, 364, 182, 30, 289, 212, 440, 162, 353, 357, 72, 259, 105, 333, 104, 425, 443, 137, 65, 264, 3, 164, 31, 21, 472, 407]

A Search: 0.0015604496002197266s
[300, 405, 255, 44, 377, 423, 284, 317, 127, 249, 293, 149, 491, 228, 398, 257, 335, 70, 499, 93, 229, 373, 411, 472, 407]

A Star Search: 0.0026853084564208984s
[300, 405, 226, 44, 377, 423, 284, 317, 127, 124, 281, 106, 410, 404, 59, 70, 499, 93, 229, 373, 411, 472, 407]





###  n = 500  ###  k = 5  ### root = 300  ###  target = 407  ###
Breadth First Search: 4.125932455062866s
[300, 321, 279, 202, 138, 63, 183, 399, 137, 40, 171, 51, 189, 101, 407]

Depth First Search: 4.150938034057617s
[300, 321, 279, 202, 138, 63, 183, 399, 137, 40, 171, 51, 189, 101, 407]

Best First Search: 0.011567115783691406s
[300, 482, 331, 12, 353, 76, 356, 306, 253, 294, 317, 32, 438, 86, 17, 11, 69, 203, 3, 365, 140, 55, 145, 72, 123, 472, 496, 147, 288, 299, 191, 484, 48, 470, 384, 225, 350, 332, 243, 19, 319, 34, 39, 277, 2, 389, 324, 146, 236, 392, 456, 80, 92, 375, 266, 477, 415, 244, 187, 240, 480, 114, 77, 355, 83, 21, 433, 318, 251, 16, 141, 471, 222, 379, 478, 111, 102, 25, 366, 112, 292, 33, 464, 304, 282, 186, 22, 413, 188, 229, 391, 108, 320, 364, 278, 446, 161, 27, 309, 447, 387, 254, 302, 96, 70, 6, 91, 492, 67, 246, 13, 36, 374, 403, 397, 314, 170, 47, 380, 151, 367, 100, 79, 116, 348, 196, 452, 490, 133, 418, 7, 44, 207, 163, 352, 280, 98, 373, 383, 322, 90, 313, 88, 200, 307, 343, 430, 410, 315, 66, 346, 65, 291, 390, 117, 124, 497, 368, 311, 440, 303, 150, 175, 453, 412, 459, 209, 205, 466, 394, 411, 273, 53, 214, 31, 198, 115, 93, 443, 465, 434, 321, 417, 337, 73, 159, 134, 279, 4, 270, 57, 290, 217, 247, 78, 297, 462, 71, 419, 167, 449, 85, 38, 28, 468, 285, 23, 334, 316, 250, 238, 213, 154, 178, 248, 256, 287, 249, 363, 201, 369, 235, 182, 110, 136, 132, 223, 166, 421, 143, 360, 416, 149, 345, 398, 458, 308, 261, 340, 286, 26, 56, 393, 75, 216, 139, 432, 483, 473, 118, 74, 258, 14, 8, 326, 457, 204, 106, 148, 211, 336, 439, 296, 95, 347, 224, 274, 423, 409, 84, 400, 160, 491, 42, 429, 97, 376, 156, 404, 341, 179, 199, 426, 448, 396, 155, 193, 493, 197, 60, 255, 20, 420, 437, 455, 267, 479, 444, 52, 105, 128, 184, 264, 325, 58, 338, 174, 37, 94, 172, 450, 54, 35, 29, 226, 328, 158, 260, 227, 45, 202, 263, 371, 276, 499, 295, 401, 359, 414, 425, 342, 486, 208, 454, 301, 63, 138, 153, 50, 130, 233, 271, 495, 144, 103, 275, 119, 215, 173, 476, 185, 177, 239, 372, 469, 162, 475, 183, 460, 386, 436, 428, 399, 485, 195, 228, 137, 40, 234, 281, 293, 481, 171, 268, 242, 0, 231, 43, 395, 165, 176, 9, 378, 121, 221, 206, 24, 125, 330, 351, 442, 498, 18, 245, 99, 305, 81, 289, 30, 262, 120, 441, 59, 230, 168, 220, 427, 82, 104, 358, 489, 265, 127, 107, 152, 467, 237, 424, 312, 218, 362, 89, 51, 269, 212, 408, 272, 157, 323, 142, 61, 190, 189, 370, 407]

A Search: 0.0006563663482666016s
[300, 321, 279, 202, 138, 130, 271, 475, 399, 137, 40, 171, 51, 269, 189, 370, 407]

A Star Search: 0.0009548664093017578s
[300, 321, 4, 49, 270, 338, 328, 357, 103, 185, 177, 43, 237, 424, 408, 61, 180, 101, 407]





###  n = 500  ###  k = 7  ### root = 300  ###  target = 407  ###
Breadth First Search: 1.6414284706115723s
[300, 42, 345, 33, 68, 48, 122, 14, 184, 407]

Depth First Search: 1.6301875114440918s
[300, 42, 345, 33, 68, 48, 122, 14, 184, 407]

Best First Search: 0.015561342239379883s
[300, 493, 111, 343, 174, 104, 102, 63, 197, 47, 35, 483, 180, 374, 268, 297, 128, 475, 390, 140, 195, 2, 173, 281, 54, 164, 161, 125, 152, 367, 416, 337, 199, 255, 380, 282, 242, 75, 106, 361, 395, 154, 50, 257, 372, 203, 32, 435, 16, 243, 264, 215, 452, 70, 274, 292, 52, 176, 80, 488, 177, 26, 453, 17, 4, 351, 330, 360, 205, 227, 334, 355, 357, 129, 226, 370, 473, 450, 160, 322, 217, 112, 371, 354, 213, 289, 441, 216, 187, 127, 66, 72, 36, 245, 38, 433, 469, 231, 280, 114, 182, 329, 248, 89, 130, 400, 463, 29, 270, 116, 413, 153, 31, 97, 85, 88, 6, 349, 398, 143, 220, 301, 273, 139, 18, 319, 247, 310, 378, 206, 287, 175, 251, 476, 169, 157, 135, 262, 236, 486, 440, 165, 71, 412, 150, 193, 166, 427, 266, 214, 95, 358, 222, 408, 446, 221, 196, 60, 305, 445, 422, 41, 77, 455, 44, 451, 49, 396, 118, 304, 246, 181, 432, 201, 113, 10, 341, 402, 162, 244, 443, 198, 43, 496, 74, 90, 256, 200, 56, 352, 485, 346, 284, 338, 158, 415, 490, 387, 69, 179, 414, 24, 224, 59, 23, 119, 163, 94, 295, 405, 109, 362, 107, 428, 235, 350, 147, 136, 474, 464, 250, 100, 51, 103, 253, 108, 223, 382, 311, 151, 7, 46, 340, 436, 145, 327, 132, 434, 8, 364, 388, 421, 178, 482, 363, 439, 419, 406, 286, 431, 269, 290, 368, 447, 336, 323, 437, 321, 96, 170, 172, 424, 448, 53, 275, 325, 79, 316, 324, 318, 384, 307, 480, 126, 62, 138, 417, 394, 249, 317, 426, 484, 39, 391, 376, 481, 9, 389, 131, 115, 348, 1, 261, 487, 124, 356, 365, 190, 409, 82, 265, 459, 283, 84, 479, 218, 98, 64, 209, 467, 314, 320, 241, 454, 403, 379, 259, 425, 219, 366, 229, 471, 278, 33, 288, 233, 212, 28, 383, 68, 91, 30, 183, 461, 267, 121, 399, 410, 470, 142, 15, 377, 411, 159, 58, 186, 401, 65, 303, 458, 137, 456, 148, 313, 141, 339, 492, 477, 326, 353, 232, 12, 0, 207, 291, 189, 230, 404, 294, 254, 277, 57, 237, 375, 87, 381, 21, 11, 192, 397, 40, 3, 344, 335, 45, 76, 252, 495, 386, 449, 211, 86, 48, 93, 99, 210, 191, 465, 123, 120, 298, 302, 347, 373, 155, 272, 25, 444, 194, 315, 188, 234, 13, 55, 34, 133, 105, 225, 462, 497, 306, 110, 491, 498, 312, 296, 156, 279, 293, 117, 442, 385, 239, 122, 276, 240, 185, 308, 342, 332, 331, 468, 430, 472, 328, 407]

A Search: 0.000331878662109375s
[300, 5, 83, 345, 33, 68, 48, 276, 14, 204, 407]

A Star Search: 0.0004355907440185547s
[300, 310, 42, 345, 33, 93, 191, 122, 494, 14, 204, 407]

