



###  n = 500  ###  k = 3  ### root = 68  ###  target = 243  ###
Breadth First Search: 7.057907819747925s
[68, 252, 157, 272, 425, 470, 6, 50, 170, 136, 344, 430, 234, 468, 353, 78, 168, 438, 228, 415, 33, 393, 39, 120, 209, 410, 4, 482, 90, 87, 147, 414, 243]

Depth First Search: 0.006510257720947266s
[68, 394, 299, 252, 268, 496, 193, 342, 111, 374, 271, 200, 386, 351, 272, 425, 470, 173, 498, 227, 309, 491, 286, 283, 249, 307, 493, 458, 241, 339, 466, 302, 269, 308, 442, 383, 359, 152, 224, 388, 364, 349, 329, 402, 297, 163, 385, 469, 472, 250, 341, 399, 465, 81, 42, 479, 411, 478, 463, 433, 315, 381, 230, 83, 151, 355, 114, 287, 233, 372, 36, 480, 446, 198, 393, 39, 155, 235, 261, 475, 461, 334, 57, 467, 482, 90, 217, 87, 409, 84, 147, 414, 243]

Best First Search: 0.0003025531768798828s
[68, 252, 157, 351, 386, 200, 111, 374, 93, 189, 434, 187, 282, 440, 23, 379, 437, 318, 366, 65, 450, 438, 228, 415, 33, 393, 39, 120, 209, 410, 4, 482, 90, 87, 147, 414, 243]

A Search: 0.014532804489135742s
[68, 252, 157, 351, 386, 41, 271, 111, 374, 93, 189, 434, 187, 282, 440, 23, 379, 437, 318, 366, 65, 180, 450, 438, 228, 415, 33, 393, 39, 120, 209, 410, 4, 482, 90, 217, 87, 147, 414, 243]

A Star Search: 0.007779121398925781s
[68, 252, 157, 351, 386, 200, 271, 111, 374, 93, 189, 434, 187, 282, 440, 156, 379, 437, 10, 318, 366, 65, 180, 450, 438, 228, 415, 285, 33, 221, 393, 39, 155, 120, 360, 209, 118, 410, 4, 482, 90, 217, 87, 147, 414, 243]





###  n = 500  ###  k = 5  ### root = 68  ###  target = 243  ###
Breadth First Search: 58.53644108772278s
[68, 216, 199, 307, 86, 105, 24, 256, 89, 244, 335, 444, 207, 222, 456, 182, 377, 243]

Depth First Search: 0.0005919933319091797s
[68, 474, 495, 462, 450, 299, 156, 351, 441, 464, 481, 336, 237, 163, 107, 288, 338, 308, 250, 408, 388, 497, 291, 304, 173, 142, 371, 389, 498, 397, 357, 356, 10, 268, 112, 499, 473, 452, 458, 440, 370, 391, 248, 217, 209, 369, 449, 366, 379, 332, 144, 232, 302, 469, 274, 255, 385, 335, 444, 487, 396, 471, 390, 456, 364, 477, 400, 328, 419, 297, 331, 470, 493, 418, 223, 324, 386, 490, 439, 407, 360, 373, 375, 195, 238, 466, 243]

Best First Search: 0.00017023086547851562s
[68, 216, 199, 307, 86, 358, 234, 12, 125, 149, 35, 96, 335, 444, 207, 390, 456, 182, 377, 243]

A Search: 0.0018723011016845703s
[68, 216, 129, 84, 306, 486, 230, 395, 284, 247, 82, 381, 235, 225, 73, 67, 382, 328, 400, 263, 377, 243]

A Star Search: 0.0017528533935546875s
[68, 216, 199, 413, 86, 358, 234, 343, 362, 125, 149, 35, 59, 96, 335, 444, 396, 222, 364, 146, 182, 377, 243]





###  n = 500  ###  k = 7  ### root = 68  ###  target = 243  ###
Breadth First Search: 4.011984825134277s
[68, 10, 55, 417, 472, 323, 91, 14, 90, 129, 243]

Depth First Search: 0.00017452239990234375s
[68, 499, 487, 483, 418, 431, 497, 489, 466, 444, 435, 423, 216, 359, 389, 472, 436, 353, 459, 482, 381, 367, 322, 345, 332, 446, 479, 310, 262, 351, 411, 329, 433, 428, 293, 475, 485, 404, 445, 237, 422, 243]

Best First Search: 9.322166442871094e-05s
[68, 499, 487, 417, 472, 436, 223, 110, 90, 129, 243]

A Search: 0.001928091049194336s
[68, 499, 487, 60, 24, 76, 321, 453, 486, 463, 71, 223, 15, 90, 129, 243]

A Star Search: 0.000392913818359375s
[68, 200, 156, 417, 472, 436, 128, 15, 110, 90, 129, 243]

